c:\users\pc\source\repos\evfolyammunka1.0 másolata\evfolyammunka1.0\debug\vc142.pdb
c:\users\danie\source\evfolyammunka1.0 másolata\evfolyammunka1.0\debug\evfolyammunka1.0.pch
c:\users\danie\source\evfolyammunka1.0 másolata\evfolyammunka1.0\debug\vc142.pdb
c:\users\danie\source\evfolyammunka1.0 másolata\evfolyammunka1.0\debug\pch.obj
c:\users\danie\source\evfolyammunka1.0 másolata\evfolyammunka1.0\debug\myusercontrol1.obj
c:\users\danie\source\evfolyammunka1.0 másolata\evfolyammunka1.0\debug\myusercontrol.obj
c:\users\danie\source\evfolyammunka1.0 másolata\evfolyammunka1.0\debug\myform.obj
c:\users\danie\source\evfolyammunka1.0 másolata\evfolyammunka1.0\debug\evfolyammunka1.0.obj
c:\users\danie\source\evfolyammunka1.0 másolata\evfolyammunka1.0\debug\assemblyinfo.obj
c:\users\danie\source\evfolyammunka1.0 másolata\evfolyammunka1.0\debug\.netframework,version=v4.7.2.assemblyattributes.obj
c:\users\danie\source\evfolyammunka1.0 másolata\evfolyammunka1.0\debug\.netframework,version=v4.7.2.assemblyattributes.asm
c:\users\danie\source\evfolyammunka1.1\evfolyammunka1.0\debug\evfolyammunka1.0.pch
c:\users\danie\source\evfolyammunka1.1\evfolyammunka1.0\debug\vc142.pdb
c:\users\danie\source\evfolyammunka1.1\evfolyammunka1.0\debug\pch.obj
c:\users\danie\source\evfolyammunka1.1\evfolyammunka1.0\debug\myusercontrol1.obj
c:\users\danie\source\evfolyammunka1.1\evfolyammunka1.0\debug\myusercontrol.obj
c:\users\danie\source\evfolyammunka1.1\evfolyammunka1.0\debug\myform.obj
c:\users\danie\source\evfolyammunka1.1\evfolyammunka1.0\debug\evfolyammunka1.0.obj
c:\users\danie\source\evfolyammunka1.1\evfolyammunka1.0\debug\assemblyinfo.obj
c:\users\pc\source\repos\evfolyammunka1.0 másolata\evfolyammunka1.0\debug\evfolyammunka10.myform.resources
c:\users\pc\source\repos\evfolyammunka1.0 másolata\evfolyammunka1.0\debug\evfolyammunka10.myusercontrol.resources
c:\users\pc\source\repos\evfolyammunka1.0 másolata\evfolyammunka1.0\debug\evfolyammunka10.myusercontrol1.resources
c:\users\danie\source\evfolyammunka1.0 másolata\evfolyammunka1.0\debug\evfolyammunka10.myform.resources
c:\users\danie\source\evfolyammunka1.0 másolata\evfolyammunka1.0\debug\evfolyammunka10.myusercontrol.resources
c:\users\danie\source\evfolyammunka1.0 másolata\evfolyammunka1.0\debug\evfolyammunka10.myusercontrol1.resources
c:\users\danie\source\evfolyammunka1.1\evfolyammunka1.0\debug\evfolyammunka10.myform.resources
c:\users\danie\source\evfolyammunka1.1\evfolyammunka1.0\debug\evfolyammunka10.myusercontrol.resources
c:\users\danie\source\evfolyammunka1.1\evfolyammunka1.0\debug\evfolyammunka10.myusercontrol1.resources
c:\users\pc\source\repos\evfolyammunka1.0 másolata\debug\evfolyammunka1.0.exe
c:\users\pc\source\repos\evfolyammunka1.0 másolata\debug\evfolyammunka1.0.pdb
c:\users\danie\source\evfolyammunka1.0 másolata\debug\evfolyammunka1.0.exe
c:\users\danie\source\evfolyammunka1.0 másolata\debug\evfolyammunka1.0.pdb
c:\users\danie\source\evfolyammunka1.0 másolata\evfolyammunka1.0\debug\app.res
c:\users\danie\source\evfolyammunka1.1\evfolyammunka1.0\debug\evfolyammunka1.0.vcxproj.generateresource.cache
c:\users\danie\source\evfolyammunka1.1\evfolyammunka1.0\debug\evfolyammunka1.0.vcxprojassemblyreference.cache
c:\users\danie\source\evfolyammunka1.1\evfolyammunka1.0\debug\.netframework,version=v4.7.2.assemblyattributes.obj
c:\users\danie\source\evfolyammunka1.1\evfolyammunka1.0\debug\app.res
c:\users\danie\source\evfolyammunka1.1\debug\evfolyammunka1.0.pdb
c:\users\danie\source\evfolyammunka1.1\debug\evfolyammunka1.0.exe
c:\users\danie\source\evfolyammunka1.1\evfolyammunka1.0\debug\evfolyammunka1.0.tlog\cl.command.1.tlog
c:\users\danie\source\evfolyammunka1.1\evfolyammunka1.0\debug\evfolyammunka1.0.tlog\cl.read.1.tlog
c:\users\danie\source\evfolyammunka1.1\evfolyammunka1.0\debug\evfolyammunka1.0.tlog\cl.write.1.tlog
c:\users\danie\source\evfolyammunka1.1\evfolyammunka1.0\debug\evfolyammunka1.0.tlog\evfolyammunka1.0.write.1u.tlog
c:\users\danie\source\evfolyammunka1.1\evfolyammunka1.0\debug\evfolyammunka1.0.tlog\link.10004.delete.1.tlog
c:\users\danie\source\evfolyammunka1.1\evfolyammunka1.0\debug\evfolyammunka1.0.tlog\link.10372.delete.1.tlog
c:\users\danie\source\evfolyammunka1.1\evfolyammunka1.0\debug\evfolyammunka1.0.tlog\link.10388.delete.1.tlog
c:\users\danie\source\evfolyammunka1.1\evfolyammunka1.0\debug\evfolyammunka1.0.tlog\link.10464.delete.1.tlog
c:\users\danie\source\evfolyammunka1.1\evfolyammunka1.0\debug\evfolyammunka1.0.tlog\link.10484.delete.1.tlog
c:\users\danie\source\evfolyammunka1.1\evfolyammunka1.0\debug\evfolyammunka1.0.tlog\link.10528.delete.1.tlog
c:\users\danie\source\evfolyammunka1.1\evfolyammunka1.0\debug\evfolyammunka1.0.tlog\link.10620.delete.1.tlog
c:\users\danie\source\evfolyammunka1.1\evfolyammunka1.0\debug\evfolyammunka1.0.tlog\link.10656.delete.1.tlog
c:\users\danie\source\evfolyammunka1.1\evfolyammunka1.0\debug\evfolyammunka1.0.tlog\link.10984.delete.1.tlog
c:\users\danie\source\evfolyammunka1.1\evfolyammunka1.0\debug\evfolyammunka1.0.tlog\link.11084.delete.1.tlog
c:\users\danie\source\evfolyammunka1.1\evfolyammunka1.0\debug\evfolyammunka1.0.tlog\link.11208.delete.1.tlog
c:\users\danie\source\evfolyammunka1.1\evfolyammunka1.0\debug\evfolyammunka1.0.tlog\link.11224.delete.1.tlog
c:\users\danie\source\evfolyammunka1.1\evfolyammunka1.0\debug\evfolyammunka1.0.tlog\link.11240.delete.1.tlog
c:\users\danie\source\evfolyammunka1.1\evfolyammunka1.0\debug\evfolyammunka1.0.tlog\link.11296.delete.1.tlog
c:\users\danie\source\evfolyammunka1.1\evfolyammunka1.0\debug\evfolyammunka1.0.tlog\link.11460.delete.1.tlog
c:\users\danie\source\evfolyammunka1.1\evfolyammunka1.0\debug\evfolyammunka1.0.tlog\link.11580.delete.1.tlog
c:\users\danie\source\evfolyammunka1.1\evfolyammunka1.0\debug\evfolyammunka1.0.tlog\link.11628.delete.1.tlog
c:\users\danie\source\evfolyammunka1.1\evfolyammunka1.0\debug\evfolyammunka1.0.tlog\link.11680.delete.1.tlog
c:\users\danie\source\evfolyammunka1.1\evfolyammunka1.0\debug\evfolyammunka1.0.tlog\link.11824.delete.1.tlog
c:\users\danie\source\evfolyammunka1.1\evfolyammunka1.0\debug\evfolyammunka1.0.tlog\link.11976.delete.1.tlog
c:\users\danie\source\evfolyammunka1.1\evfolyammunka1.0\debug\evfolyammunka1.0.tlog\link.11984.delete.1.tlog
c:\users\danie\source\evfolyammunka1.1\evfolyammunka1.0\debug\evfolyammunka1.0.tlog\link.12136.delete.1.tlog
c:\users\danie\source\evfolyammunka1.1\evfolyammunka1.0\debug\evfolyammunka1.0.tlog\link.12172.delete.1.tlog
c:\users\danie\source\evfolyammunka1.1\evfolyammunka1.0\debug\evfolyammunka1.0.tlog\link.12224.delete.1.tlog
c:\users\danie\source\evfolyammunka1.1\evfolyammunka1.0\debug\evfolyammunka1.0.tlog\link.12312.delete.1.tlog
c:\users\danie\source\evfolyammunka1.1\evfolyammunka1.0\debug\evfolyammunka1.0.tlog\link.12344.delete.1.tlog
c:\users\danie\source\evfolyammunka1.1\evfolyammunka1.0\debug\evfolyammunka1.0.tlog\link.12736.delete.1.tlog
c:\users\danie\source\evfolyammunka1.1\evfolyammunka1.0\debug\evfolyammunka1.0.tlog\link.13024.delete.1.tlog
c:\users\danie\source\evfolyammunka1.1\evfolyammunka1.0\debug\evfolyammunka1.0.tlog\link.13052.delete.1.tlog
c:\users\danie\source\evfolyammunka1.1\evfolyammunka1.0\debug\evfolyammunka1.0.tlog\link.13076.delete.1.tlog
c:\users\danie\source\evfolyammunka1.1\evfolyammunka1.0\debug\evfolyammunka1.0.tlog\link.1308.delete.1.tlog
c:\users\danie\source\evfolyammunka1.1\evfolyammunka1.0\debug\evfolyammunka1.0.tlog\link.13208.delete.1.tlog
c:\users\danie\source\evfolyammunka1.1\evfolyammunka1.0\debug\evfolyammunka1.0.tlog\link.13344.delete.1.tlog
c:\users\danie\source\evfolyammunka1.1\evfolyammunka1.0\debug\evfolyammunka1.0.tlog\link.13408.delete.1.tlog
c:\users\danie\source\evfolyammunka1.1\evfolyammunka1.0\debug\evfolyammunka1.0.tlog\link.13432.delete.1.tlog
c:\users\danie\source\evfolyammunka1.1\evfolyammunka1.0\debug\evfolyammunka1.0.tlog\link.13540.delete.1.tlog
c:\users\danie\source\evfolyammunka1.1\evfolyammunka1.0\debug\evfolyammunka1.0.tlog\link.13592.delete.1.tlog
c:\users\danie\source\evfolyammunka1.1\evfolyammunka1.0\debug\evfolyammunka1.0.tlog\link.13732.delete.1.tlog
c:\users\danie\source\evfolyammunka1.1\evfolyammunka1.0\debug\evfolyammunka1.0.tlog\link.1380.delete.1.tlog
c:\users\danie\source\evfolyammunka1.1\evfolyammunka1.0\debug\evfolyammunka1.0.tlog\link.13972.delete.1.tlog
c:\users\danie\source\evfolyammunka1.1\evfolyammunka1.0\debug\evfolyammunka1.0.tlog\link.14064.delete.1.tlog
c:\users\danie\source\evfolyammunka1.1\evfolyammunka1.0\debug\evfolyammunka1.0.tlog\link.14300.delete.1.tlog
c:\users\danie\source\evfolyammunka1.1\evfolyammunka1.0\debug\evfolyammunka1.0.tlog\link.14584.delete.1.tlog
c:\users\danie\source\evfolyammunka1.1\evfolyammunka1.0\debug\evfolyammunka1.0.tlog\link.1476.delete.1.tlog
c:\users\danie\source\evfolyammunka1.1\evfolyammunka1.0\debug\evfolyammunka1.0.tlog\link.15036.delete.1.tlog
c:\users\danie\source\evfolyammunka1.1\evfolyammunka1.0\debug\evfolyammunka1.0.tlog\link.1640.delete.1.tlog
c:\users\danie\source\evfolyammunka1.1\evfolyammunka1.0\debug\evfolyammunka1.0.tlog\link.17020.delete.1.tlog
c:\users\danie\source\evfolyammunka1.1\evfolyammunka1.0\debug\evfolyammunka1.0.tlog\link.17036.delete.1.tlog
c:\users\danie\source\evfolyammunka1.1\evfolyammunka1.0\debug\evfolyammunka1.0.tlog\link.17228.delete.1.tlog
c:\users\danie\source\evfolyammunka1.1\evfolyammunka1.0\debug\evfolyammunka1.0.tlog\link.17704.delete.1.tlog
c:\users\danie\source\evfolyammunka1.1\evfolyammunka1.0\debug\evfolyammunka1.0.tlog\link.18244.delete.1.tlog
c:\users\danie\source\evfolyammunka1.1\evfolyammunka1.0\debug\evfolyammunka1.0.tlog\link.19332.delete.1.tlog
c:\users\danie\source\evfolyammunka1.1\evfolyammunka1.0\debug\evfolyammunka1.0.tlog\link.1972.delete.1.tlog
c:\users\danie\source\evfolyammunka1.1\evfolyammunka1.0\debug\evfolyammunka1.0.tlog\link.2076.delete.1.tlog
c:\users\danie\source\evfolyammunka1.1\evfolyammunka1.0\debug\evfolyammunka1.0.tlog\link.2152.delete.1.tlog
c:\users\danie\source\evfolyammunka1.1\evfolyammunka1.0\debug\evfolyammunka1.0.tlog\link.2216.delete.1.tlog
c:\users\danie\source\evfolyammunka1.1\evfolyammunka1.0\debug\evfolyammunka1.0.tlog\link.2344.delete.1.tlog
c:\users\danie\source\evfolyammunka1.1\evfolyammunka1.0\debug\evfolyammunka1.0.tlog\link.2580.delete.1.tlog
c:\users\danie\source\evfolyammunka1.1\evfolyammunka1.0\debug\evfolyammunka1.0.tlog\link.2632.delete.1.tlog
c:\users\danie\source\evfolyammunka1.1\evfolyammunka1.0\debug\evfolyammunka1.0.tlog\link.2744.delete.1.tlog
c:\users\danie\source\evfolyammunka1.1\evfolyammunka1.0\debug\evfolyammunka1.0.tlog\link.2820.delete.1.tlog
c:\users\danie\source\evfolyammunka1.1\evfolyammunka1.0\debug\evfolyammunka1.0.tlog\link.2840.delete.1.tlog
c:\users\danie\source\evfolyammunka1.1\evfolyammunka1.0\debug\evfolyammunka1.0.tlog\link.2868.delete.1.tlog
c:\users\danie\source\evfolyammunka1.1\evfolyammunka1.0\debug\evfolyammunka1.0.tlog\link.3048.delete.1.tlog
c:\users\danie\source\evfolyammunka1.1\evfolyammunka1.0\debug\evfolyammunka1.0.tlog\link.3124.delete.1.tlog
c:\users\danie\source\evfolyammunka1.1\evfolyammunka1.0\debug\evfolyammunka1.0.tlog\link.3404.delete.1.tlog
c:\users\danie\source\evfolyammunka1.1\evfolyammunka1.0\debug\evfolyammunka1.0.tlog\link.3412.delete.1.tlog
c:\users\danie\source\evfolyammunka1.1\evfolyammunka1.0\debug\evfolyammunka1.0.tlog\link.3464.delete.1.tlog
c:\users\danie\source\evfolyammunka1.1\evfolyammunka1.0\debug\evfolyammunka1.0.tlog\link.4500.delete.1.tlog
c:\users\danie\source\evfolyammunka1.1\evfolyammunka1.0\debug\evfolyammunka1.0.tlog\link.4924.delete.1.tlog
c:\users\danie\source\evfolyammunka1.1\evfolyammunka1.0\debug\evfolyammunka1.0.tlog\link.4960.delete.1.tlog
c:\users\danie\source\evfolyammunka1.1\evfolyammunka1.0\debug\evfolyammunka1.0.tlog\link.508.delete.1.tlog
c:\users\danie\source\evfolyammunka1.1\evfolyammunka1.0\debug\evfolyammunka1.0.tlog\link.5488.delete.1.tlog
c:\users\danie\source\evfolyammunka1.1\evfolyammunka1.0\debug\evfolyammunka1.0.tlog\link.5552.delete.1.tlog
c:\users\danie\source\evfolyammunka1.1\evfolyammunka1.0\debug\evfolyammunka1.0.tlog\link.5616.delete.1.tlog
c:\users\danie\source\evfolyammunka1.1\evfolyammunka1.0\debug\evfolyammunka1.0.tlog\link.6356.delete.1.tlog
c:\users\danie\source\evfolyammunka1.1\evfolyammunka1.0\debug\evfolyammunka1.0.tlog\link.6556.delete.1.tlog
c:\users\danie\source\evfolyammunka1.1\evfolyammunka1.0\debug\evfolyammunka1.0.tlog\link.6640.delete.1.tlog
c:\users\danie\source\evfolyammunka1.1\evfolyammunka1.0\debug\evfolyammunka1.0.tlog\link.6668.delete.1.tlog
c:\users\danie\source\evfolyammunka1.1\evfolyammunka1.0\debug\evfolyammunka1.0.tlog\link.6796.delete.1.tlog
c:\users\danie\source\evfolyammunka1.1\evfolyammunka1.0\debug\evfolyammunka1.0.tlog\link.6972.delete.1.tlog
c:\users\danie\source\evfolyammunka1.1\evfolyammunka1.0\debug\evfolyammunka1.0.tlog\link.7028.delete.1.tlog
c:\users\danie\source\evfolyammunka1.1\evfolyammunka1.0\debug\evfolyammunka1.0.tlog\link.7116.delete.1.tlog
c:\users\danie\source\evfolyammunka1.1\evfolyammunka1.0\debug\evfolyammunka1.0.tlog\link.7200.delete.1.tlog
c:\users\danie\source\evfolyammunka1.1\evfolyammunka1.0\debug\evfolyammunka1.0.tlog\link.7336.delete.1.tlog
c:\users\danie\source\evfolyammunka1.1\evfolyammunka1.0\debug\evfolyammunka1.0.tlog\link.7380.delete.1.tlog
c:\users\danie\source\evfolyammunka1.1\evfolyammunka1.0\debug\evfolyammunka1.0.tlog\link.7492.delete.1.tlog
c:\users\danie\source\evfolyammunka1.1\evfolyammunka1.0\debug\evfolyammunka1.0.tlog\link.7588.delete.1.tlog
c:\users\danie\source\evfolyammunka1.1\evfolyammunka1.0\debug\evfolyammunka1.0.tlog\link.7624.delete.1.tlog
c:\users\danie\source\evfolyammunka1.1\evfolyammunka1.0\debug\evfolyammunka1.0.tlog\link.7776.delete.1.tlog
c:\users\danie\source\evfolyammunka1.1\evfolyammunka1.0\debug\evfolyammunka1.0.tlog\link.7844.delete.1.tlog
c:\users\danie\source\evfolyammunka1.1\evfolyammunka1.0\debug\evfolyammunka1.0.tlog\link.8104.delete.1.tlog
c:\users\danie\source\evfolyammunka1.1\evfolyammunka1.0\debug\evfolyammunka1.0.tlog\link.812.delete.1.tlog
c:\users\danie\source\evfolyammunka1.1\evfolyammunka1.0\debug\evfolyammunka1.0.tlog\link.8148.delete.1.tlog
c:\users\danie\source\evfolyammunka1.1\evfolyammunka1.0\debug\evfolyammunka1.0.tlog\link.8176.delete.1.tlog
c:\users\danie\source\evfolyammunka1.1\evfolyammunka1.0\debug\evfolyammunka1.0.tlog\link.8224.delete.1.tlog
c:\users\danie\source\evfolyammunka1.1\evfolyammunka1.0\debug\evfolyammunka1.0.tlog\link.8532.delete.1.tlog
c:\users\danie\source\evfolyammunka1.1\evfolyammunka1.0\debug\evfolyammunka1.0.tlog\link.8820.delete.1.tlog
c:\users\danie\source\evfolyammunka1.1\evfolyammunka1.0\debug\evfolyammunka1.0.tlog\link.8824.delete.1.tlog
c:\users\danie\source\evfolyammunka1.1\evfolyammunka1.0\debug\evfolyammunka1.0.tlog\link.8992.delete.1.tlog
c:\users\danie\source\evfolyammunka1.1\evfolyammunka1.0\debug\evfolyammunka1.0.tlog\link.9068.delete.1.tlog
c:\users\danie\source\evfolyammunka1.1\evfolyammunka1.0\debug\evfolyammunka1.0.tlog\link.9136.delete.1.tlog
c:\users\danie\source\evfolyammunka1.1\evfolyammunka1.0\debug\evfolyammunka1.0.tlog\link.9180.delete.1.tlog
c:\users\danie\source\evfolyammunka1.1\evfolyammunka1.0\debug\evfolyammunka1.0.tlog\link.9252.delete.1.tlog
c:\users\danie\source\evfolyammunka1.1\evfolyammunka1.0\debug\evfolyammunka1.0.tlog\link.9404.delete.1.tlog
c:\users\danie\source\evfolyammunka1.1\evfolyammunka1.0\debug\evfolyammunka1.0.tlog\link.9516.delete.1.tlog
c:\users\danie\source\evfolyammunka1.1\evfolyammunka1.0\debug\evfolyammunka1.0.tlog\link.9884.delete.1.tlog
c:\users\danie\source\evfolyammunka1.1\evfolyammunka1.0\debug\evfolyammunka1.0.tlog\link.command.1.tlog
c:\users\danie\source\evfolyammunka1.1\evfolyammunka1.0\debug\evfolyammunka1.0.tlog\link.read.1.tlog
c:\users\danie\source\evfolyammunka1.1\evfolyammunka1.0\debug\evfolyammunka1.0.tlog\link.write.1.tlog
c:\users\danie\source\evfolyammunka1.1\evfolyammunka1.0\debug\evfolyammunka1.0.tlog\metagen.read.1.tlog
c:\users\danie\source\evfolyammunka1.1\evfolyammunka1.0\debug\evfolyammunka1.0.tlog\metagen.write.1.tlog
c:\users\danie\source\evfolyammunka1.1\evfolyammunka1.0\debug\evfolyammunka1.0.tlog\rc.command.1.tlog
c:\users\danie\source\evfolyammunka1.1\evfolyammunka1.0\debug\evfolyammunka1.0.tlog\rc.read.1.tlog
c:\users\danie\source\evfolyammunka1.1\evfolyammunka1.0\debug\evfolyammunka1.0.tlog\rc.write.1.tlog
